<?xml version="1.0" encoding="UTF-8"?>
<!-- Generated by org.testng.reporters.JUnitXMLReporter -->
<testsuite hostname="DESKTOP-TAKLUC5" tests="0" failures="0"
	timestamp="18 Jan 2018 08:46:33 GMT" time="0.016" errors="0">
	<testcase name="@BeforeSuite beforeSuite" time="0.0"
		classname="amazonpages.HomeAmazon">
		<failure type="java.lang.NullPointerException">
      <![CDATA[java.lang.NullPointerException
... Removed 12 stack frames]]>
		</failure>
	</testcase> <!-- @BeforeSuite beforeSuite -->
	<testcase name="@BeforeTest beforeTest" time="0.0"
		classname="amazonpages.HomeAmazon">
		<failure type="java.lang.NullPointerException">
      <![CDATA[java.lang.NullPointerException
... Removed 16 stack frames]]>
		</failure>
	</testcase> <!-- @BeforeTest beforeTest -->
	<testcase name="@AfterTest afterTest" time="0.0"
		classname="amazonpages.HomeAmazon">
		<failure type="java.lang.NullPointerException">
      <![CDATA[java.lang.NullPointerException
... Removed 16 stack frames]]>
		</failure>
	</testcase> <!-- @AfterTest afterTest -->
</testsuite>
