<?xml version="1.0" encoding="UTF-8"?>
<testng-results skipped="0" failed="0" total="2" passed="2">
  <reporter-output>
  </reporter-output>
  <suite name="Suite" duration-ms="30013" started-at="2017-09-03T11:17:42Z" finished-at="2017-09-03T11:18:12Z">
    <groups>
    </groups>
    <test name="Test" duration-ms="30013" started-at="2017-09-03T11:17:42Z" finished-at="2017-09-03T11:18:12Z">
      <class name="leadstests.TC002_EditLead">
        <test-method status="PASS" signature="setvalues()[pri:0, instance:leadstests.TC002_EditLead@1f70c54]" name="setvalues" is-config="true" duration-ms="0" started-at="2017-09-03T16:47:42Z" finished-at="2017-09-03T16:47:42Z">
          <reporter-output>
          </reporter-output>
        </test-method> <!-- setvalues -->
        <test-method status="PASS" signature="beforeMethod()[pri:0, instance:leadstests.TC002_EditLead@1f70c54]" name="beforeMethod" is-config="true" duration-ms="6400" started-at="2017-09-03T16:47:43Z" finished-at="2017-09-03T16:47:50Z">
          <reporter-output>
          </reporter-output>
        </test-method> <!-- beforeMethod -->
        <test-method status="PASS" signature="createLead(java.lang.String, java.lang.String, java.lang.String, java.lang.String)[pri:0, instance:leadstests.TC002_EditLead@1f70c54]" name="createLead" duration-ms="21761" started-at="2017-09-03T16:47:50Z" data-provider="fetchData" finished-at="2017-09-03T16:48:11Z">
          <params>
            <param index="0">
              <value>
                <![CDATA[DemoSalesManager]]>
              </value>
            </param>
            <param index="1">
              <value>
                <![CDATA[crmsfa]]>
              </value>
            </param>
            <param index="2">
              <value>
                <![CDATA[Ramani]]>
              </value>
            </param>
            <param index="3">
              <value>
                <![CDATA[Tech Mahendra]]>
              </value>
            </param>
          </params>
          <reporter-output>
          </reporter-output>
        </test-method> <!-- createLead -->
        <test-method status="PASS" signature="afterMethod()[pri:0, instance:leadstests.TC002_EditLead@1f70c54]" name="afterMethod" is-config="true" duration-ms="984" started-at="2017-09-03T16:48:11Z" finished-at="2017-09-03T16:48:12Z">
          <reporter-output>
          </reporter-output>
        </test-method> <!-- afterMethod -->
      </class> <!-- leadstests.TC002_EditLead -->
      <class name="leadstests.TC001_CreateLead">
        <test-method status="PASS" signature="beforeSuite()[pri:0, instance:leadstests.TC001_CreateLead@96442d]" name="beforeSuite" is-config="true" duration-ms="363" started-at="2017-09-03T16:47:42Z" finished-at="2017-09-03T16:47:42Z">
          <reporter-output>
          </reporter-output>
        </test-method> <!-- beforeSuite -->
        <test-method status="PASS" signature="beforeTest()[pri:0, instance:leadstests.TC001_CreateLead@96442d]" name="beforeTest" is-config="true" duration-ms="1" started-at="2017-09-03T16:47:42Z" finished-at="2017-09-03T16:47:42Z">
          <reporter-output>
          </reporter-output>
        </test-method> <!-- beforeTest -->
        <test-method status="PASS" signature="setvalues()[pri:0, instance:leadstests.TC001_CreateLead@96442d]" name="setvalues" is-config="true" duration-ms="0" started-at="2017-09-03T16:47:42Z" finished-at="2017-09-03T16:47:42Z">
          <reporter-output>
          </reporter-output>
        </test-method> <!-- setvalues -->
        <test-method status="PASS" signature="beforeMethod()[pri:0, instance:leadstests.TC001_CreateLead@96442d]" name="beforeMethod" is-config="true" duration-ms="6499" started-at="2017-09-03T16:47:43Z" finished-at="2017-09-03T16:47:50Z">
          <reporter-output>
          </reporter-output>
        </test-method> <!-- beforeMethod -->
        <test-method status="PASS" signature="createLead(java.lang.String, java.lang.String, java.lang.String, java.lang.String, java.lang.String, java.lang.String, java.lang.String)[pri:0, instance:leadstests.TC001_CreateLead@96442d]" name="createLead" duration-ms="16165" started-at="2017-09-03T16:47:50Z" data-provider="fetchData" finished-at="2017-09-03T16:48:06Z">
          <params>
            <param index="0">
              <value>
                <![CDATA[DemoSalesManager]]>
              </value>
            </param>
            <param index="1">
              <value>
                <![CDATA[crmsfa]]>
              </value>
            </param>
            <param index="2">
              <value>
                <![CDATA[HCL]]>
              </value>
            </param>
            <param index="3">
              <value>
                <![CDATA[Ramani]]>
              </value>
            </param>
            <param index="4">
              <value>
                <![CDATA[Murugesh]]>
              </value>
            </param>
            <param index="5">
              <value>
                <![CDATA[11223344]]>
              </value>
            </param>
            <param index="6">
              <value>
                <![CDATA[test@hcl.com]]>
              </value>
            </param>
          </params>
          <reporter-output>
          </reporter-output>
        </test-method> <!-- createLead -->
        <test-method status="PASS" signature="afterMethod()[pri:0, instance:leadstests.TC001_CreateLead@96442d]" name="afterMethod" is-config="true" duration-ms="1368" started-at="2017-09-03T16:48:06Z" finished-at="2017-09-03T16:48:07Z">
          <reporter-output>
          </reporter-output>
        </test-method> <!-- afterMethod -->
        <test-method status="PASS" signature="afterTest()[pri:0, instance:leadstests.TC001_CreateLead@96442d]" name="afterTest" is-config="true" duration-ms="1" started-at="2017-09-03T16:48:12Z" finished-at="2017-09-03T16:48:12Z">
          <reporter-output>
          </reporter-output>
        </test-method> <!-- afterTest -->
        <test-method status="PASS" signature="afterSuite()[pri:0, instance:leadstests.TC001_CreateLead@96442d]" name="afterSuite" is-config="true" duration-ms="363" started-at="2017-09-03T16:48:13Z" finished-at="2017-09-03T16:48:13Z">
          <reporter-output>
          </reporter-output>
        </test-method> <!-- afterSuite -->
      </class> <!-- leadstests.TC001_CreateLead -->
    </test> <!-- Test -->
  </suite> <!-- Suite -->
</testng-results>
